<?xml version="1.0" encoding="utf-8"?><testsuites><testsuite name="pytest" errors="0" failures="0" skipped="0" tests="9" time="0.205" timestamp="2026-08-07T13:03:51.146074+08:00" hostname="user-SYS-4029GP-TRTC-EC028B"><testcase classname="tests.test_cli" name="test_cli_build_and_verify" time="0.014" /><testcase classname="tests.test_cli" name="test_cli_returns_nonzero_for_tamper" time="0.006" /><testcase classname="tests.test_manifest" name="test_build_and_verify_manifest_without_decoding" time="0.013" /><testcase classname="tests.test_manifest" name="test_verification_detects_changed_bytes" time="0.002" /><testcase classname="tests.test_manifest" name="test_strict_verification_detects_untracked_image" time="0.002" /><testcase classname="tests.test_manifest" name="test_verification_rejects_path_traversal" time="0.001" /><testcase classname="tests.test_manifest" name="test_verification_rejects_duplicate_sample_id" time="0.001" /><testcase classname="tests.test_manifest" name="test_all_files_excludes_manifest_output_under_root" time="0.002" /><testcase classname="tests.test_third_party_lock" name="test_third_party_lock_has_immutable_revisions" time="0.002" /></testsuite></testsuites>