<?xml version="1.0" encoding="utf-8"?><testsuites><testsuite name="pytest" errors="0" failures="0" skipped="0" tests="18" time="0.564" timestamp="2026-08-07T14:41:28.661932+08:00" hostname="user-SYS-4029GP-TRTC-EC028B"><testcase classname="tests.test_cli" name="test_cli_build_and_verify" time="0.011" /><testcase classname="tests.test_cli" name="test_cli_returns_nonzero_for_tamper" time="0.059" /><testcase classname="tests.test_e00_config" name="test_e00_gate_is_pre_registered_and_complete" time="0.024" /><testcase classname="tests.test_e00_config" name="test_fits_plus_is_identified_as_project_extension" time="0.022" /><testcase classname="tests.test_manifest" name="test_build_and_verify_manifest_without_decoding" time="0.004" /><testcase classname="tests.test_manifest" name="test_verification_detects_changed_bytes" time="0.002" /><testcase classname="tests.test_manifest" name="test_strict_verification_detects_untracked_image" time="0.008" /><testcase classname="tests.test_manifest" name="test_verification_rejects_path_traversal" time="0.001" /><testcase classname="tests.test_manifest" name="test_verification_rejects_duplicate_sample_id" time="0.001" /><testcase classname="tests.test_manifest" name="test_all_files_excludes_manifest_output_under_root" time="0.060" /><testcase classname="tests.test_matching" name="test_aligned_cc_and_ncc_are_zero_mean" time="0.001" /><testcase classname="tests.test_matching" name="test_correlation_map_has_aligned_peak_without_mutation" time="0.001" /><testcase classname="tests.test_matching" name="test_primary_signed_pce_excludes_true_circular_neighborhood" time="0.001" /><testcase classname="tests.test_matching" name="test_signed_pce_preserves_explicit_negative_peak_sign" time="0.001" /><testcase classname="tests.test_matching" name="test_prnu_compatibility_pce_uses_zero_filled_half_open_slice" time="0.001" /><testcase classname="tests.test_matching" name="test_fits_family_uses_explicit_control_definition" time="0.001" /><testcase classname="tests.test_matching" name="test_degenerate_statistics_fail_closed" time="0.001" /><testcase classname="tests.test_third_party_lock" name="test_third_party_lock_has_immutable_revisions" time="0.001" /></testsuite></testsuites>