<?xml version="1.0" encoding="utf-8"?><testsuites><testsuite name="pytest" errors="0" failures="0" skipped="0" tests="29" time="3.406" timestamp="2026-08-07T17:52:03.206192+08:00" hostname="user-SYS-4029GP-TRTC-EC028B"><testcase classname="tests.test_cli" name="test_cli_build_and_verify" time="0.066" /><testcase classname="tests.test_cli" name="test_cli_returns_nonzero_for_tamper" time="0.051" /><testcase classname="tests.test_e00_config" name="test_e00_gate_is_pre_registered_and_complete" time="0.011" /><testcase classname="tests.test_e00_config" name="test_fits_plus_is_identified_as_project_extension" time="0.014" /><testcase classname="tests.test_e01" name="test_e01_selection_is_pre_registered_and_complete" time="0.034" /><testcase classname="tests.test_e01" name="test_e01_url_and_registered_geometry_are_explicit" time="0.038" /><testcase classname="tests.test_e01" name="test_e01_rejects_source_index_leakage" time="0.043" /><testcase classname="tests.test_e01" name="test_e01_frozen_artifact_hashes_match_summary" time="0.010" /><testcase classname="tests.test_e01" name="test_e01_frozen_tables_have_registered_counts" time="0.082" /><testcase classname="tests.test_e02" name="test_e02_protocol_is_frozen_and_complete" time="0.145" /><testcase classname="tests.test_e02" name="test_shared_prompt_selection_is_deterministic_and_split_disjoint" time="0.001" /><testcase classname="tests.test_e02" name="test_fixed_residual_extractors_preserve_native_geometry" time="0.135" /><testcase classname="tests.test_e02" name="test_fingerprint_aggregators_are_exact_on_small_arrays" time="0.001" /><testcase classname="tests.test_e02" name="test_paired_margin_and_holm_adjustment" time="0.001" /><testcase classname="tests.test_e02" name="test_signed_ncc_preserves_all_three_channel_elements" time="0.001" /><testcase classname="tests.test_manifest" name="test_build_and_verify_manifest_without_decoding" time="0.004" /><testcase classname="tests.test_manifest" name="test_verification_detects_changed_bytes" time="0.002" /><testcase classname="tests.test_manifest" name="test_strict_verification_detects_untracked_image" time="0.002" /><testcase classname="tests.test_manifest" name="test_verification_rejects_path_traversal" time="0.001" /><testcase classname="tests.test_manifest" name="test_verification_rejects_duplicate_sample_id" time="0.001" /><testcase classname="tests.test_manifest" name="test_all_files_excludes_manifest_output_under_root" time="0.002" /><testcase classname="tests.test_matching" name="test_aligned_cc_and_ncc_are_zero_mean" time="0.001" /><testcase classname="tests.test_matching" name="test_correlation_map_has_aligned_peak_without_mutation" time="0.001" /><testcase classname="tests.test_matching" name="test_primary_signed_pce_excludes_true_circular_neighborhood" time="0.001" /><testcase classname="tests.test_matching" name="test_signed_pce_preserves_explicit_negative_peak_sign" time="0.011" /><testcase classname="tests.test_matching" name="test_prnu_compatibility_pce_uses_zero_filled_half_open_slice" time="0.001" /><testcase classname="tests.test_matching" name="test_fits_family_uses_explicit_control_definition" time="0.001" /><testcase classname="tests.test_matching" name="test_degenerate_statistics_fail_closed" time="0.001" /><testcase classname="tests.test_third_party_lock" name="test_third_party_lock_has_immutable_revisions" time="0.001" /></testsuite></testsuites>